C:\Projects\OnyxVirtualStudio\Tools\OvsControl\Debug\cl.command.1.tlog
C:\Projects\OnyxVirtualStudio\Tools\OvsControl\Debug\CL.read.1.tlog
C:\Projects\OnyxVirtualStudio\Tools\OvsControl\Debug\CL.write.1.tlog
C:\PROJECTS\ONYXVIRTUALSTUDIO\TOOLS\OVSCONTROL\DEBUG\CONFIGCOMN.OBJ
C:\PROJECTS\ONYXVIRTUALSTUDIO\TOOLS\OVSCONTROL\DEBUG\CONFIGLIVECAST.OBJ
C:\PROJECTS\ONYXVIRTUALSTUDIO\TOOLS\OVSCONTROL\DEBUG\CUSTOMPROPERTIES.OBJ
C:\PROJECTS\ONYXVIRTUALSTUDIO\TOOLS\OVSCONTROL\DEBUG\DBG.OBJ
C:\PROJECTS\ONYXVIRTUALSTUDIO\TOOLS\OVSCONTROL\DEBUG\DSHOWCAPGRAPH.OBJ
C:\PROJECTS\ONYXVIRTUALSTUDIO\TOOLS\OVSCONTROL\DEBUG\EDITRTPREC.OBJ
C:\PROJECTS\ONYXVIRTUALSTUDIO\TOOLS\OVSCONTROL\DEBUG\EDITRTSP.OBJ
C:\PROJECTS\ONYXVIRTUALSTUDIO\TOOLS\OVSCONTROL\DEBUG\EDITSKYPE.OBJ
C:\PROJECTS\ONYXVIRTUALSTUDIO\TOOLS\OVSCONTROL\DEBUG\EDITUDPOUT.OBJ
C:\PROJECTS\ONYXVIRTUALSTUDIO\TOOLS\OVSCONTROL\DEBUG\HLSOUTCONFIGURE.OBJ
C:\PROJECTS\ONYXVIRTUALSTUDIO\TOOLS\OVSCONTROL\DEBUG\HLSPUBLISHS3.OBJ
C:\Projects\OnyxVirtualStudio\Tools\OvsControl\Debug\link.command.1.tlog
C:\Projects\OnyxVirtualStudio\Tools\OvsControl\Debug\link.read.1.tlog
C:\Projects\OnyxVirtualStudio\Tools\OvsControl\Debug\link.write.1.tlog
C:\Projects\OnyxVirtualStudio\Tools\OvsControl\Debug\link-cvtres.read.1.tlog
C:\Projects\OnyxVirtualStudio\Tools\OvsControl\Debug\link-cvtres.write.1.tlog
C:\Projects\OnyxVirtualStudio\Tools\OvsControl\Debug\mt.command.1.tlog
C:\Projects\OnyxVirtualStudio\Tools\OvsControl\Debug\mt.read.1.tlog
C:\Projects\OnyxVirtualStudio\Tools\OvsControl\Debug\mt.write.1.tlog
C:\PROJECTS\ONYXVIRTUALSTUDIO\TOOLS\OVSCONTROL\DEBUG\OVSCONTROL.EXE
C:\PROJECTS\ONYXVIRTUALSTUDIO\TOOLS\OVSCONTROL\DEBUG\OVSCONTROL.EXE.INTERMEDIATE.MANIFEST
C:\Projects\OnyxVirtualStudio\Tools\OvsControl\Debug\OvsControl.exp
C:\PROJECTS\ONYXVIRTUALSTUDIO\TOOLS\OVSCONTROL\DEBUG\OVSCONTROL.ILK
C:\Projects\OnyxVirtualStudio\Tools\OvsControl\Debug\OvsControl.lib
C:\PROJECTS\ONYXVIRTUALSTUDIO\TOOLS\OVSCONTROL\DEBUG\OVSCONTROL.OBJ
C:\PROJECTS\ONYXVIRTUALSTUDIO\TOOLS\OVSCONTROL\DEBUG\OVSCONTROL.PDB
C:\PROJECTS\ONYXVIRTUALSTUDIO\TOOLS\OVSCONTROL\DEBUG\OVSCONTROL.RES
C:\Projects\OnyxVirtualStudio\Tools\OvsControl\Debug\OvsControl.vcxprojResolveAssemblyReference.cache
C:\Projects\OnyxVirtualStudio\Tools\OvsControl\Debug\OvsControl.write.1.tlog
C:\PROJECTS\ONYXVIRTUALSTUDIO\TOOLS\OVSCONTROL\DEBUG\OVSCONTROLCRASHREPORT.OBJ
C:\PROJECTS\ONYXVIRTUALSTUDIO\TOOLS\OVSCONTROL\DEBUG\OVSCONTROLPROPSHEET.OBJ
C:\PROJECTS\ONYXVIRTUALSTUDIO\TOOLS\OVSCONTROL\DEBUG\PAGEINPUTVIDEOS.OBJ
C:\PROJECTS\ONYXVIRTUALSTUDIO\TOOLS\OVSCONTROL\DEBUG\PAGELAYOUT.OBJ
C:\PROJECTS\ONYXVIRTUALSTUDIO\TOOLS\OVSCONTROL\DEBUG\PAGELIVECAST.OBJ
C:\PROJECTS\ONYXVIRTUALSTUDIO\TOOLS\OVSCONTROL\DEBUG\PAGEPUBLISH.OBJ
C:\PROJECTS\ONYXVIRTUALSTUDIO\TOOLS\OVSCONTROL\DEBUG\PAGERECORD.OBJ
C:\PROJECTS\ONYXVIRTUALSTUDIO\TOOLS\OVSCONTROL\DEBUG\PAGESKYPE.OBJ
C:\PROJECTS\ONYXVIRTUALSTUDIO\TOOLS\OVSCONTROL\DEBUG\PAGESTATUS.OBJ
C:\Projects\OnyxVirtualStudio\Tools\OvsControl\Debug\rc.command.1.tlog
C:\Projects\OnyxVirtualStudio\Tools\OvsControl\Debug\rc.read.1.tlog
C:\Projects\OnyxVirtualStudio\Tools\OvsControl\Debug\rc.write.1.tlog
C:\PROJECTS\ONYXVIRTUALSTUDIO\TOOLS\OVSCONTROL\DEBUG\RTMPEDIT.OBJ
C:\PROJECTS\ONYXVIRTUALSTUDIO\TOOLS\OVSCONTROL\DEBUG\RTSPSERVERCONFIG.OBJ
C:\PROJECTS\ONYXVIRTUALSTUDIO\TOOLS\OVSCONTROL\DEBUG\SELECTCAMERA.OBJ
C:\PROJECTS\ONYXVIRTUALSTUDIO\TOOLS\OVSCONTROL\DEBUG\SKYPECONFIG.OBJ
C:\PROJECTS\ONYXVIRTUALSTUDIO\TOOLS\OVSCONTROL\DEBUG\SLIDESHOWCTRL.OBJ
C:\PROJECTS\ONYXVIRTUALSTUDIO\TOOLS\OVSCONTROL\DEBUG\STDAFX.OBJ
C:\Projects\OnyxVirtualStudio\Tools\OvsControl\Debug\vc100.idb
C:\PROJECTS\ONYXVIRTUALSTUDIO\TOOLS\OVSCONTROL\DEBUG\VC100.PDB
Debug\OvsControl.ilk
Debug\OvsControl.pdb
