C:\Projects\OnyxVirtualStudio\Tools\OvsControl\Release\cl.command.1.tlog
C:\Projects\OnyxVirtualStudio\Tools\OvsControl\Release\CL.read.1.tlog
C:\Projects\OnyxVirtualStudio\Tools\OvsControl\Release\CL.write.1.tlog
C:\PROJECTS\ONYXVIRTUALSTUDIO\TOOLS\OVSCONTROL\RELEASE\CONFIGCOMN.OBJ
C:\PROJECTS\ONYXVIRTUALSTUDIO\TOOLS\OVSCONTROL\RELEASE\CONFIGLIVECAST.OBJ
C:\PROJECTS\ONYXVIRTUALSTUDIO\TOOLS\OVSCONTROL\RELEASE\CUSTOMPROPERTIES.OBJ
C:\PROJECTS\ONYXVIRTUALSTUDIO\TOOLS\OVSCONTROL\RELEASE\DBG.OBJ
C:\PROJECTS\ONYXVIRTUALSTUDIO\TOOLS\OVSCONTROL\RELEASE\DSHOWCAPGRAPH.OBJ
C:\PROJECTS\ONYXVIRTUALSTUDIO\TOOLS\OVSCONTROL\RELEASE\EDITRTPREC.OBJ
C:\PROJECTS\ONYXVIRTUALSTUDIO\TOOLS\OVSCONTROL\RELEASE\EDITRTSP.OBJ
C:\PROJECTS\ONYXVIRTUALSTUDIO\TOOLS\OVSCONTROL\RELEASE\EDITSKYPE.OBJ
C:\PROJECTS\ONYXVIRTUALSTUDIO\TOOLS\OVSCONTROL\RELEASE\EDITUDPOUT.OBJ
C:\Projects\OnyxVirtualStudio\Tools\OvsControl\Release\link.command.1.tlog
C:\Projects\OnyxVirtualStudio\Tools\OvsControl\Release\link.read.1.tlog
C:\Projects\OnyxVirtualStudio\Tools\OvsControl\Release\link.write.1.tlog
C:\Projects\OnyxVirtualStudio\Tools\OvsControl\Release\link-cvtres.read.1.tlog
C:\Projects\OnyxVirtualStudio\Tools\OvsControl\Release\link-cvtres.write.1.tlog
C:\Projects\OnyxVirtualStudio\Tools\OvsControl\Release\mt.command.1.tlog
C:\Projects\OnyxVirtualStudio\Tools\OvsControl\Release\mt.read.1.tlog
C:\Projects\OnyxVirtualStudio\Tools\OvsControl\Release\mt.write.1.tlog
C:\PROJECTS\ONYXVIRTUALSTUDIO\TOOLS\OVSCONTROL\RELEASE\OVSCONTROL.EXE
C:\PROJECTS\ONYXVIRTUALSTUDIO\TOOLS\OVSCONTROL\RELEASE\OVSCONTROL.EXE.INTERMEDIATE.MANIFEST
C:\Projects\OnyxVirtualStudio\Tools\OvsControl\Release\OvsControl.exp
C:\Projects\OnyxVirtualStudio\Tools\OvsControl\Release\OvsControl.lib
C:\PROJECTS\ONYXVIRTUALSTUDIO\TOOLS\OVSCONTROL\RELEASE\OVSCONTROL.OBJ
C:\PROJECTS\ONYXVIRTUALSTUDIO\TOOLS\OVSCONTROL\RELEASE\OVSCONTROL.RES
C:\Projects\OnyxVirtualStudio\Tools\OvsControl\Release\OvsControl.vcxprojResolveAssemblyReference.cache
C:\Projects\OnyxVirtualStudio\Tools\OvsControl\Release\OvsControl.write.1.tlog
C:\PROJECTS\ONYXVIRTUALSTUDIO\TOOLS\OVSCONTROL\RELEASE\OVSCONTROLCRASHREPORT.OBJ
C:\PROJECTS\ONYXVIRTUALSTUDIO\TOOLS\OVSCONTROL\RELEASE\OVSCONTROLPROPSHEET.OBJ
C:\PROJECTS\ONYXVIRTUALSTUDIO\TOOLS\OVSCONTROL\RELEASE\PAGEINPUTVIDEOS.OBJ
C:\PROJECTS\ONYXVIRTUALSTUDIO\TOOLS\OVSCONTROL\RELEASE\PAGELAYOUT.OBJ
C:\PROJECTS\ONYXVIRTUALSTUDIO\TOOLS\OVSCONTROL\RELEASE\PAGELIVECAST.OBJ
C:\PROJECTS\ONYXVIRTUALSTUDIO\TOOLS\OVSCONTROL\RELEASE\PAGEPUBLISH.OBJ
C:\PROJECTS\ONYXVIRTUALSTUDIO\TOOLS\OVSCONTROL\RELEASE\PAGERECORD.OBJ
C:\PROJECTS\ONYXVIRTUALSTUDIO\TOOLS\OVSCONTROL\RELEASE\PAGESKYPE.OBJ
C:\PROJECTS\ONYXVIRTUALSTUDIO\TOOLS\OVSCONTROL\RELEASE\PAGESTATUS.OBJ
C:\Projects\OnyxVirtualStudio\Tools\OvsControl\Release\rc.command.1.tlog
C:\Projects\OnyxVirtualStudio\Tools\OvsControl\Release\rc.read.1.tlog
C:\Projects\OnyxVirtualStudio\Tools\OvsControl\Release\rc.write.1.tlog
C:\PROJECTS\ONYXVIRTUALSTUDIO\TOOLS\OVSCONTROL\RELEASE\RTMPEDIT.OBJ
C:\PROJECTS\ONYXVIRTUALSTUDIO\TOOLS\OVSCONTROL\RELEASE\SELECTCAMERA.OBJ
C:\PROJECTS\ONYXVIRTUALSTUDIO\TOOLS\OVSCONTROL\RELEASE\SKYPECONFIG.OBJ
C:\PROJECTS\ONYXVIRTUALSTUDIO\TOOLS\OVSCONTROL\RELEASE\SLIDESHOWCTRL.OBJ
C:\PROJECTS\ONYXVIRTUALSTUDIO\TOOLS\OVSCONTROL\RELEASE\STDAFX.OBJ
C:\PROJECTS\ONYXVIRTUALSTUDIO\TOOLS\OVSCONTROL\RELEASE\VC100.PDB
