C:\PROJECTS\ONYXVIRTUALSTUDIO\PLUGINDSHOW\RELEASE\ASYNC.OBJ
C:\PROJECTS\ONYXVIRTUALSTUDIO\PLUGINDSHOW\RELEASE\AUDIOINTERFACE.OBJ
C:\Projects\OnyxVirtualStudio\PluginDshow\Release\cl.command.1.tlog
C:\Projects\OnyxVirtualStudio\PluginDshow\Release\CL.read.1.tlog
C:\Projects\OnyxVirtualStudio\PluginDshow\Release\CL.write.1.tlog
C:\PROJECTS\ONYXVIRTUALSTUDIO\PLUGINDSHOW\RELEASE\DIRECTSHOWUTIL.OBJ
C:\PROJECTS\ONYXVIRTUALSTUDIO\PLUGINDSHOW\RELEASE\FRAMEQUEUE.OBJ
C:\Projects\OnyxVirtualStudio\PluginDshow\Release\link.command.1.tlog
C:\Projects\OnyxVirtualStudio\PluginDshow\Release\link.read.1.tlog
C:\Projects\OnyxVirtualStudio\PluginDshow\Release\link.write.1.tlog
C:\Projects\OnyxVirtualStudio\PluginDshow\Release\link-cvtres.read.1.tlog
C:\Projects\OnyxVirtualStudio\PluginDshow\Release\link-cvtres.write.1.tlog
C:\Projects\OnyxVirtualStudio\PluginDshow\Release\mt.command.1.tlog
C:\Projects\OnyxVirtualStudio\PluginDshow\Release\mt.read.1.tlog
C:\Projects\OnyxVirtualStudio\PluginDshow\Release\mt.write.1.tlog
C:\PROJECTS\ONYXVIRTUALSTUDIO\PLUGINDSHOW\RELEASE\PLUGINDSHOW.DLL
C:\PROJECTS\ONYXVIRTUALSTUDIO\PLUGINDSHOW\RELEASE\PLUGINDSHOW.DLL.INTERMEDIATE.MANIFEST
C:\Projects\OnyxVirtualStudio\PluginDshow\Release\PluginDshow.exp
C:\Projects\OnyxVirtualStudio\PluginDshow\Release\PluginDshow.lib
C:\PROJECTS\ONYXVIRTUALSTUDIO\PLUGINDSHOW\RELEASE\PLUGINDSHOW.OBJ
C:\PROJECTS\ONYXVIRTUALSTUDIO\PLUGINDSHOW\RELEASE\PLUGINDSHOW.RES
C:\Projects\OnyxVirtualStudio\PluginDshow\Release\PluginDshow.vcxprojResolveAssemblyReference.cache
C:\Projects\OnyxVirtualStudio\PluginDshow\Release\PluginDshow.write.1.tlog
C:\Projects\OnyxVirtualStudio\PluginDshow\Release\rc.command.1.tlog
C:\Projects\OnyxVirtualStudio\PluginDshow\Release\rc.read.1.tlog
C:\Projects\OnyxVirtualStudio\PluginDshow\Release\rc.write.1.tlog
C:\PROJECTS\ONYXVIRTUALSTUDIO\PLUGINDSHOW\RELEASE\TIMER.OBJ
C:\PROJECTS\ONYXVIRTUALSTUDIO\PLUGINDSHOW\RELEASE\UTIL.OBJ
C:\Projects\OnyxVirtualStudio\PluginDshow\Release\vc100.idb
C:\PROJECTS\ONYXVIRTUALSTUDIO\PLUGINDSHOW\RELEASE\VC100.PDB
C:\PROJECTS\ONYXVIRTUALSTUDIO\PLUGINDSHOW\RELEASE\VIDEOCLIP.OBJ
C:\PROJECTS\ONYXVIRTUALSTUDIO\PLUGINDSHOW\RELEASE\VIDEOFRAME.OBJ
C:\PROJECTS\ONYXVIRTUALSTUDIO\PLUGINDSHOW\RELEASE\VIDEOMANAGER.OBJ
C:\PROJECTS\ONYXVIRTUALSTUDIO\PLUGINDSHOW\RELEASE\WORKERTHREAD.OBJ
