C:\PROJECTS\ONYXVIRTUALSTUDIO\ONYXVIRTUALSTUDIO\DEBUG\BASEAPPLICATION.OBJ
C:\PROJECTS\ONYXVIRTUALSTUDIO\ONYXVIRTUALSTUDIO\DEBUG\BASELAYOUT.OBJ
C:\Projects\OnyxVirtualStudio\OnyxVirtualStudio\Debug\cl.command.1.tlog
C:\Projects\OnyxVirtualStudio\OnyxVirtualStudio\Debug\CL.read.1.tlog
C:\Projects\OnyxVirtualStudio\OnyxVirtualStudio\Debug\CL.write.1.tlog
C:\PROJECTS\ONYXVIRTUALSTUDIO\ONYXVIRTUALSTUDIO\DEBUG\CYLINDRICALLAYOUT.OBJ
C:\PROJECTS\ONYXVIRTUALSTUDIO\ONYXVIRTUALSTUDIO\DEBUG\HEXAGONALLAYOUT.OBJ
C:\Projects\OnyxVirtualStudio\OnyxVirtualStudio\Debug\link.command.1.tlog
C:\Projects\OnyxVirtualStudio\OnyxVirtualStudio\Debug\link.read.1.tlog
C:\Projects\OnyxVirtualStudio\OnyxVirtualStudio\Debug\link.write.1.tlog
C:\Projects\OnyxVirtualStudio\OnyxVirtualStudio\Debug\link-cvtres.read.1.tlog
C:\Projects\OnyxVirtualStudio\OnyxVirtualStudio\Debug\link-cvtres.write.1.tlog
C:\Projects\OnyxVirtualStudio\OnyxVirtualStudio\Debug\mt.command.1.tlog
C:\Projects\OnyxVirtualStudio\OnyxVirtualStudio\Debug\mt.read.1.tlog
C:\Projects\OnyxVirtualStudio\OnyxVirtualStudio\Debug\mt.write.1.tlog
C:\PROJECTS\ONYXVIRTUALSTUDIO\ONYXVIRTUALSTUDIO\DEBUG\ONYXVIRTUALSTUDIO.EXE
C:\PROJECTS\ONYXVIRTUALSTUDIO\ONYXVIRTUALSTUDIO\DEBUG\ONYXVIRTUALSTUDIO.EXE.EMBED.MANIFEST
C:\PROJECTS\ONYXVIRTUALSTUDIO\ONYXVIRTUALSTUDIO\DEBUG\ONYXVIRTUALSTUDIO.EXE.EMBED.MANIFEST.RES
C:\PROJECTS\ONYXVIRTUALSTUDIO\ONYXVIRTUALSTUDIO\DEBUG\ONYXVIRTUALSTUDIO.EXE.INTERMEDIATE.MANIFEST
C:\PROJECTS\ONYXVIRTUALSTUDIO\ONYXVIRTUALSTUDIO\DEBUG\ONYXVIRTUALSTUDIO.ILK
C:\PROJECTS\ONYXVIRTUALSTUDIO\ONYXVIRTUALSTUDIO\DEBUG\ONYXVIRTUALSTUDIO.OBJ
C:\PROJECTS\ONYXVIRTUALSTUDIO\ONYXVIRTUALSTUDIO\DEBUG\ONYXVIRTUALSTUDIO.PDB
C:\PROJECTS\ONYXVIRTUALSTUDIO\ONYXVIRTUALSTUDIO\DEBUG\ONYXVIRTUALSTUDIO.RES
C:\Projects\OnyxVirtualStudio\OnyxVirtualStudio\Debug\OnyxVirtualStudio.vcxprojResolveAssemblyReference.cache
C:\Projects\OnyxVirtualStudio\OnyxVirtualStudio\Debug\OnyxVirtualStudio.write.1.tlog
C:\Projects\OnyxVirtualStudio\OnyxVirtualStudio\Debug\OnyxVirtualStudio_manifest.rc
C:\PROJECTS\ONYXVIRTUALSTUDIO\ONYXVIRTUALSTUDIO\DEBUG\PANORAMICLAYOUT.OBJ
C:\Projects\OnyxVirtualStudio\OnyxVirtualStudio\Debug\rc.command.1.tlog
C:\Projects\OnyxVirtualStudio\OnyxVirtualStudio\Debug\rc.read.1.tlog
C:\Projects\OnyxVirtualStudio\OnyxVirtualStudio\Debug\rc.write.1.tlog
C:\Projects\OnyxVirtualStudio\OnyxVirtualStudio\Debug\vc100.idb
C:\PROJECTS\ONYXVIRTUALSTUDIO\ONYXVIRTUALSTUDIO\DEBUG\VC100.PDB
Debug\OnyxVirtualStudio.ilk
Debug\OnyxVirtualStudio.pdb
