Build started 1/25/2014 11:53:52 AM.
     1>Project "C:\Projects\OnyxVirtualStudio\PluginControl\PluginControl.vcxproj" on node 4 (rebuild target(s)).
     1>_PrepareForClean:
         Deleting file "Release\PluginControl.lastbuildstate".
       InitializeBuildStatus:
         Creating "Release\PluginControl.unsuccessfulbuild" because "AlwaysCreate" was specified.
       ClCompile:
         c:\Program Files (x86)\Microsoft Visual Studio 10.0\VC\bin\CL.exe /c /Zi /nologo /W3 /WX- /O2 /Oi /Oy- /GL /D WIN32 /D NDEBUG /D _WINDOWS /D _USRDLL /D PLUGINCONTROL_EXPORTS /D _WINDLL /D _UNICODE /D UNICODE /Gm- /EHsc /MD /GS /Gy /fp:precise /Zc:wchar_t /Zc:forScope /Yc"StdAfx.h" /Fp"Release\PluginControl.pch" /Fo"Release\\" /Fd"Release\vc100.pdb" /Gd /TP /analyze- /errorReport:prompt stdafx.cpp
         stdafx.cpp
         c:\Program Files (x86)\Microsoft Visual Studio 10.0\VC\bin\CL.exe /c /Zi /nologo /W3 /WX- /O2 /Oi /Oy- /GL /D WIN32 /D NDEBUG /D _WINDOWS /D _USRDLL /D PLUGINCONTROL_EXPORTS /D _WINDLL /D _UNICODE /D UNICODE /Gm- /EHsc /MD /GS /Gy /fp:precise /Zc:wchar_t /Zc:forScope /Fo"Release\\" /Fd"Release\vc100.pdb" /Gd /TP /analyze- /errorReport:prompt dllmain.cpp
         dllmain.cpp
         c:\Program Files (x86)\Microsoft Visual Studio 10.0\VC\bin\CL.exe /c /Zi /nologo /W3 /WX- /O2 /Oi /Oy- /GL /D WIN32 /D NDEBUG /D _WINDOWS /D _USRDLL /D PLUGINCONTROL_EXPORTS /D _WINDLL /D _UNICODE /D UNICODE /Gm- /EHsc /MD /GS /Gy /fp:precise /Zc:wchar_t /Zc:forScope /Yu"StdAfx.h" /Fp"Release\PluginControl.pch" /Fo"Release\\" /Fd"Release\vc100.pdb" /Gd /TP /analyze- /errorReport:prompt OnyxControl.cpp
         OnyxControl.cpp
       Link:
         c:\Program Files (x86)\Microsoft Visual Studio 10.0\VC\bin\link.exe /ERRORREPORT:PROMPT /OUT:"Release\PluginControl.dll" /INCREMENTAL:NO /NOLOGO kernel32.lib user32.lib gdi32.lib winspool.lib comdlg32.lib advapi32.lib shell32.lib ole32.lib oleaut32.lib uuid.lib odbc32.lib odbccp32.lib /MANIFEST /ManifestFile:"Release\PluginControl.dll.intermediate.manifest" /MANIFESTUAC:"level='asInvoker' uiAccess='false'" /PDB:"C:\Projects\OnyxVirtualStudio\PluginControl\Release\PluginControl.pdb" /SUBSYSTEM:WINDOWS /OPT:REF /OPT:ICF /LTCG /TLBID:1 /DYNAMICBASE /NXCOMPAT /IMPLIB:"Release\PluginControl.lib" /MACHINE:X86 /DLL Release\dllmain.obj
         Release\OnyxControl.obj
         Release\stdafx.obj
            Creating library Release\PluginControl.lib and object Release\PluginControl.exp
         Generating code
         Finished generating code
         PluginControl.vcxproj -> C:\Projects\OnyxVirtualStudio\PluginControl\Release\PluginControl.dll
       Manifest:
         C:\Program Files (x86)\Microsoft SDKs\Windows\v7.0A\bin\mt.exe /nologo /verbose /outputresource:"Release\PluginControl.dll;#2" /manifest Release\PluginControl.dll.intermediate.manifest
       PostBuildEvent:
         copy "Release\PluginControl.dll" ..\OnyxVirtualStudio\bin\Release
         :VCEnd
                 1 file(s) copied.
       FinalizeBuildStatus:
         Deleting file "Release\PluginControl.unsuccessfulbuild".
         Touching "Release\PluginControl.lastbuildstate".
     1>Done Building Project "C:\Projects\OnyxVirtualStudio\PluginControl\PluginControl.vcxproj" (rebuild target(s)).

Build succeeded.

Time Elapsed 00:00:04.14
