C:\PROJECTS\ONYXVIRTUALSTUDIO\ONYXVIRTUALSTUDIO\RELEASE\BASEAPPLICATION.OBJ
C:\PROJECTS\ONYXVIRTUALSTUDIO\ONYXVIRTUALSTUDIO\RELEASE\BASELAYOUT.OBJ
C:\Projects\OnyxVirtualStudio\OnyxVirtualStudio\Release\cl.command.1.tlog
C:\Projects\OnyxVirtualStudio\OnyxVirtualStudio\Release\CL.read.1.tlog
C:\Projects\OnyxVirtualStudio\OnyxVirtualStudio\Release\CL.write.1.tlog
C:\PROJECTS\ONYXVIRTUALSTUDIO\ONYXVIRTUALSTUDIO\RELEASE\CYLINDRICALLAYOUT.OBJ
C:\PROJECTS\ONYXVIRTUALSTUDIO\ONYXVIRTUALSTUDIO\RELEASE\HEXAGONALLAYOUT.OBJ
C:\Projects\OnyxVirtualStudio\OnyxVirtualStudio\Release\link.command.1.tlog
C:\Projects\OnyxVirtualStudio\OnyxVirtualStudio\Release\link.read.1.tlog
C:\Projects\OnyxVirtualStudio\OnyxVirtualStudio\Release\link.write.1.tlog
C:\Projects\OnyxVirtualStudio\OnyxVirtualStudio\Release\link-cvtres.read.1.tlog
C:\Projects\OnyxVirtualStudio\OnyxVirtualStudio\Release\link-cvtres.write.1.tlog
C:\Projects\OnyxVirtualStudio\OnyxVirtualStudio\Release\mt.command.1.tlog
C:\Projects\OnyxVirtualStudio\OnyxVirtualStudio\Release\mt.read.1.tlog
C:\Projects\OnyxVirtualStudio\OnyxVirtualStudio\Release\mt.write.1.tlog
C:\PROJECTS\ONYXVIRTUALSTUDIO\ONYXVIRTUALSTUDIO\RELEASE\ONYXVIRTUALSTUDIO.EXE
C:\PROJECTS\ONYXVIRTUALSTUDIO\ONYXVIRTUALSTUDIO\RELEASE\ONYXVIRTUALSTUDIO.EXE.INTERMEDIATE.MANIFEST
C:\PROJECTS\ONYXVIRTUALSTUDIO\ONYXVIRTUALSTUDIO\RELEASE\ONYXVIRTUALSTUDIO.OBJ
C:\PROJECTS\ONYXVIRTUALSTUDIO\ONYXVIRTUALSTUDIO\RELEASE\ONYXVIRTUALSTUDIO.RES
C:\Projects\OnyxVirtualStudio\OnyxVirtualStudio\Release\OnyxVirtualStudio.write.1.tlog
C:\PROJECTS\ONYXVIRTUALSTUDIO\ONYXVIRTUALSTUDIO\RELEASE\PANORAMICLAYOUT.OBJ
C:\Projects\OnyxVirtualStudio\OnyxVirtualStudio\Release\rc.command.1.tlog
C:\Projects\OnyxVirtualStudio\OnyxVirtualStudio\Release\rc.read.1.tlog
C:\Projects\OnyxVirtualStudio\OnyxVirtualStudio\Release\rc.write.1.tlog
C:\Projects\OnyxVirtualStudio\OnyxVirtualStudio\Release\vc100.idb
C:\PROJECTS\ONYXVIRTUALSTUDIO\ONYXVIRTUALSTUDIO\RELEASE\VC100.PDB
