07:11:05: Creating resource group General
07:11:05: Creating resource group Internal
07:11:05: Creating resource group Autodetect
07:11:05: SceneManagerFactory for type 'DefaultSceneManager' registered.
07:11:05: Registering ResourceManager for type Material
07:11:05: Registering ResourceManager for type Mesh
07:11:05: Registering ResourceManager for type Skeleton
07:11:05: MovableObjectFactory for type 'ParticleSystem' registered.
07:11:05: OverlayElementFactory for type Panel registered.
07:11:05: OverlayElementFactory for type BorderPanel registered.
07:11:05: OverlayElementFactory for type TextArea registered.
07:11:05: Registering ResourceManager for type Font
07:11:05: ArchiveFactory for archive type FileSystem registered.
07:11:05: ArchiveFactory for archive type Zip registered.
07:11:05: DDS codec registering
07:11:05: FreeImage version: 3.15.1
07:11:05: This program uses FreeImage, a free, open source image library supporting all common bitmap formats. See http://freeimage.sourceforge.net for details
07:11:05: Supported formats: bmp,ico,jpg,jif,jpeg,jpe,jng,koa,iff,lbm,mng,pbm,pbm,pcd,pcx,pgm,pgm,png,ppm,ppm,ras,tga,targa,tif,tiff,wap,wbmp,wbm,psd,cut,xbm,xpm,gif,hdr,g3,sgi,exr,j2k,j2c,jp2,pfm,pct,pict,pic,3fr,arw,bay,bmq,cap,cine,cr2,crw,cs1,dc2,dcr,drf,dsc,dng,erf,fff,ia,iiq,k25,kc2,kdc,mdc,mef,mos,mrw,nef,nrw,orf,pef,ptx,pxn,qtk,raf,raw,rdc,rw2,rwl,rwz,sr2,srf,sti
07:11:05: Registering ResourceManager for type HighLevelGpuProgram
07:11:05: Registering ResourceManager for type Compositor
07:11:05: MovableObjectFactory for type 'Entity' registered.
07:11:05: MovableObjectFactory for type 'Light' registered.
07:11:05: MovableObjectFactory for type 'BillboardSet' registered.
07:11:05: MovableObjectFactory for type 'ManualObject' registered.
07:11:05: MovableObjectFactory for type 'BillboardChain' registered.
07:11:05: MovableObjectFactory for type 'RibbonTrail' registered.
07:11:05: Loading library .\RenderSystem_Direct3D9_d
07:11:05: Installing plugin: D3D9 RenderSystem
07:11:05: D3D9 : Direct3D9 Rendering Subsystem created.
07:11:05: D3D9: Driver Detection Starts
07:11:05: D3D9: Driver Detection Ends
07:11:05: Plugin successfully installed
07:11:05: Loading library .\PluginDshow
07:11:05: Registering Texture Controller: Type = ds_video Name = DsVideoPlugin
07:11:05: *-*-* OGRE Initialising
07:11:05: *-*-* Version 1.7.4 (Cthugha)
07:11:05: Creating resource group Essential
07:11:05: Added resource location './media/thumbnails' of type 'FileSystem' to resource group 'Essential'
07:11:05: Added resource location './media/packs/SdkTrays.zip' of type 'Zip' to resource group 'Essential'
07:11:05: Added resource location './media' of type 'FileSystem' to resource group 'General'
07:11:05: Creating resource group Popular
07:11:05: Added resource location './media/fonts' of type 'FileSystem' to resource group 'Popular'
07:11:05: Added resource location './media/materials/programs' of type 'FileSystem' to resource group 'Popular'
07:11:05: Added resource location './media/materials/scripts' of type 'FileSystem' to resource group 'Popular'
07:11:05: Added resource location './media/materials/textures' of type 'FileSystem' to resource group 'Popular'
07:11:05: Added resource location './media/materials/textures/nvidia' of type 'FileSystem' to resource group 'Popular'
07:11:05: Added resource location './media/models' of type 'FileSystem' to resource group 'Popular'
07:11:05: Added resource location './media/particle' of type 'FileSystem' to resource group 'Popular'
07:11:05: Added resource location './media/DeferredShadingMedia' of type 'FileSystem' to resource group 'Popular'
07:11:05: Added resource location './media/PCZAppMedia' of type 'FileSystem' to resource group 'Popular'
07:11:05: Added resource location './media/RTShaderLib' of type 'FileSystem' to resource group 'Popular'
07:11:05: Added resource location './media/RTShaderLib/materials' of type 'FileSystem' to resource group 'Popular'
07:11:05: Added resource location './media/packs/cubemap.zip' of type 'Zip' to resource group 'Popular'
07:11:05: Added resource location './media/packs/cubemapsJS.zip' of type 'Zip' to resource group 'Popular'
07:11:05: D3D9 : RenderSystem Option: Allow NVPerfHUD = No
07:11:05: D3D9 : RenderSystem Option: FSAA = 0
07:11:05: D3D9 : RenderSystem Option: Floating-point mode = Fastest
07:11:05: D3D9 : RenderSystem Option: Full Screen = No
07:11:05: D3D9 : RenderSystem Option: Rendering Device = Monitor-1-NVIDIA GeForce 315
07:11:05: D3D9 : RenderSystem Option: Resource Creation Policy = Create on all devices
07:11:05: D3D9 : RenderSystem Option: VSync = No
07:11:05: D3D9 : RenderSystem Option: VSync Interval = 1
07:11:05: D3D9 : RenderSystem Option: Video Mode = 1280 x 720 @ 32-bit colour
07:11:05: D3D9 : RenderSystem Option: sRGB Gamma Conversion = No
07:11:05: CPU Identifier & Features
07:11:05: -------------------------
07:11:05:  *   CPU ID: AuthenticAMD: AMD Phenom(tm) II X4 945 Processor
07:11:05:  *      SSE: yes
07:11:05:  *     SSE2: yes
07:11:05:  *     SSE3: yes
07:11:05:  *      MMX: yes
07:11:05:  *   MMXEXT: yes
07:11:05:  *    3DNOW: yes
07:11:05:  * 3DNOWEXT: yes
07:11:05:  *     CMOV: yes
07:11:05:  *      TSC: yes
07:11:05:  *      FPU: yes
07:11:05:  *      PRO: yes
07:11:05:  *       HT: no
07:11:05: -------------------------
07:11:05: D3D9 : Subsystem Initialising
07:11:05: Registering ResourceManager for type Texture
07:11:05: Registering ResourceManager for type GpuProgram
07:11:05: D3D9RenderSystem::_createRenderWindow "OnyxVirtualStudio Render Window", 1280x720 windowed  miscParams: FSAA=0 FSAAHint= colourDepth=32 gamma=false monitorIndex=0 useNVPerfHUD=false vsync=false vsyncInterval=1 
07:11:05: D3D9 : Created D3D9 Rendering Window 'OnyxVirtualStudio Render Window' : 1280x720, 32bpp
07:11:05: D3D9 : WARNING - disabling VSync in windowed mode can cause timing issues at lower frame rates, turn VSync on if you observe this problem.
07:11:05: D3D9: Vertex texture format supported - PF_FLOAT16_RGB
07:11:05: D3D9: Vertex texture format supported - PF_FLOAT16_RGBA
07:11:05: D3D9: Vertex texture format supported - PF_FLOAT32_RGB
07:11:05: D3D9: Vertex texture format supported - PF_FLOAT32_RGBA
07:11:05: D3D9: Vertex texture format supported - PF_FLOAT16_R
07:11:05: D3D9: Vertex texture format supported - PF_FLOAT32_R
07:11:05: D3D9: Vertex texture format supported - PF_FLOAT16_GR
07:11:05: D3D9: Vertex texture format supported - PF_FLOAT32_GR
07:11:05: RenderSystem capabilities
07:11:05: -------------------------
07:11:05: RenderSystem Name: Direct3D9 Rendering Subsystem
07:11:05: GPU Vendor: nvidia
07:11:05: Device Name: Monitor-1-NVIDIA GeForce 315
07:11:05: Driver Version: 8.17.12.9610
07:11:05:  * Fixed function pipeline: yes
07:11:05:  * Hardware generation of mipmaps: yes
07:11:05:  * Texture blending: yes
07:11:05:  * Anisotropic texture filtering: yes
07:11:05:  * Dot product texture operation: yes
07:11:05:  * Cube mapping: yes
07:11:05:  * Hardware stencil buffer: yes
07:11:05:    - Stencil depth: 8
07:11:05:    - Two sided stencil support: yes
07:11:05:    - Wrap stencil values: yes
07:11:05:  * Hardware vertex / index buffers: yes
07:11:05:  * Vertex programs: yes
07:11:05:  * Number of floating-point constants for vertex programs: 256
07:11:05:  * Number of integer constants for vertex programs: 16
07:11:05:  * Number of boolean constants for vertex programs: 16
07:11:05:  * Fragment programs: yes
07:11:05:  * Number of floating-point constants for fragment programs: 224
07:11:05:  * Number of integer constants for fragment programs: 16
07:11:05:  * Number of boolean constants for fragment programs: 16
07:11:05:  * Geometry programs: no
07:11:05:  * Number of floating-point constants for geometry programs: 0
07:11:05:  * Number of integer constants for geometry programs: 0
07:11:05:  * Number of boolean constants for geometry programs: 0
07:11:05:  * Supported Shader Profiles: hlsl ps_1_1 ps_1_2 ps_1_3 ps_1_4 ps_2_0 ps_2_a ps_2_b ps_2_x ps_3_0 vs_1_1 vs_2_0 vs_2_a vs_2_x vs_3_0
07:11:05:  * Texture Compression: yes
07:11:05:    - DXT: yes
07:11:05:    - VTC: no
07:11:05:    - PVRTC: no
07:11:05:  * Scissor Rectangle: yes
07:11:05:  * Hardware Occlusion Query: yes
07:11:05:  * User clip planes: yes
07:11:05:  * VET_UBYTE4 vertex element type: yes
07:11:05:  * Infinite far plane projection: yes
07:11:05:  * Hardware render-to-texture: yes
07:11:05:  * Floating point textures: yes
07:11:05:  * Non-power-of-two textures: yes
07:11:05:  * Volume textures: yes
07:11:05:  * Multiple Render Targets: 4
07:11:05:    - With different bit depths: yes
07:11:05:  * Point Sprites: yes
07:11:05:  * Extended point parameters: yes
07:11:05:  * Max Point Size: 10
07:11:05:  * Vertex texture fetch: yes
07:11:05:  * Number of world matrices: 0
07:11:05:  * Number of texture units: 8
07:11:05:  * Stencil buffer depth: 8
07:11:05:  * Number of vertex blend matrices: 0
07:11:05:    - Max vertex textures: 4
07:11:05:    - Vertex textures shared: no
07:11:05:  * Render to Vertex Buffer : no
07:11:05:  * DirectX per stage constants: yes
07:11:05: ***************************************
07:11:05: *** D3D9 : Subsystem Initialised OK ***
07:11:05: ***************************************
07:11:05: DefaultWorkQueue('Root') initialising on thread 00681C88.
07:11:05: DefaultWorkQueue('Root')::WorkerFunc - thread 00695C18 starting.
07:11:05: DefaultWorkQueue('Root')::WorkerFunc - thread 00695CC8 starting.
07:11:05: DefaultWorkQueue('Root')::WorkerFunc - thread 006962E8 starting.
07:11:05: DefaultWorkQueue('Root')::WorkerFunc - thread 00696948 starting.
07:11:05: Particle Renderer Type 'billboard' registered
07:11:05: Parsing scripts for resource group Autodetect
07:11:05: Finished parsing scripts for resource group Autodetect
07:11:05: Parsing scripts for resource group Essential
07:11:05: Parsing script SdkTrays.material
07:11:05: Parsing script SdkTrays.fontdef
07:11:05: Parsing script SdkTrays.overlay
07:11:05: Bad element attribute line: '# you can offset the image to change the cursor "hotspot"' for element SdkTrays/Cursor in overlay 
07:11:05: Texture: sdk_cursor.png: Loading 1 faces(PF_A8R8G8B8,32x32x1) with  hardware generated mipmaps from Image. Internal format is PF_A8R8G8B8,32x32x1.
07:11:05: Texture: sdk_tray.png: Loading 1 faces(PF_A8R8G8B8,64x64x1) with  hardware generated mipmaps from Image. Internal format is PF_A8R8G8B8,64x64x1.
07:11:05: Texture: sdk_button_up.png: Loading 1 faces(PF_A8R8G8B8,128x32x1) with  hardware generated mipmaps from Image. Internal format is PF_A8R8G8B8,128x32x1.
07:11:05: Texture: sdk_text_box.png: Loading 1 faces(PF_A8R8G8B8,32x32x1) with  hardware generated mipmaps from Image. Internal format is PF_A8R8G8B8,32x32x1.
07:11:05: Texture: sdk_mini_tray.png: Loading 1 faces(PF_A8R8G8B8,32x32x1) with  hardware generated mipmaps from Image. Internal format is PF_A8R8G8B8,32x32x1.
07:11:05: Texture: sdk_track.png: Loading 1 faces(PF_A8R8G8B8,16x32x1) with  hardware generated mipmaps from Image. Internal format is PF_A8R8G8B8,16x32x1.
07:11:05: Texture: sdk_handle.png: Loading 1 faces(PF_A8R8G8B8,16x16x1) with  hardware generated mipmaps from Image. Internal format is PF_A8R8G8B8,16x16x1.
07:11:05: Texture: sdk_mini_text_box.png: Loading 1 faces(PF_A8R8G8B8,32x32x1) with  hardware generated mipmaps from Image. Internal format is PF_A8R8G8B8,32x32x1.
07:11:05: Texture: sdk_label.png: Loading 1 faces(PF_A8R8G8B8,32x32x1) with  hardware generated mipmaps from Image. Internal format is PF_A8R8G8B8,32x32x1.
07:11:05: Texture: sdk_separator.png: Loading 1 faces(PF_A8R8G8B8,64x16x1) with  hardware generated mipmaps from Image. Internal format is PF_A8R8G8B8,64x16x1.
07:11:05: Texture: sdk_logo.png: Loading 1 faces(PF_A8R8G8B8,128x64x1) with  hardware generated mipmaps from Image. Internal format is PF_A8R8G8B8,128x64x1.
07:11:05: Texture: sdk_shade.png: Loading 1 faces(PF_A8R8G8B8,64x48x1) with 5 generated mipmaps from Image. Internal format is PF_A8R8G8B8,64x48x1.
07:11:05: Texture: sdk_frame.png: Loading 1 faces(PF_A8R8G8B8,32x32x1) with  hardware generated mipmaps from Image. Internal format is PF_A8R8G8B8,32x32x1.
07:11:05: Texture: sdk_mini_text_box_over.png: Loading 1 faces(PF_A8R8G8B8,32x32x1) with  hardware generated mipmaps from Image. Internal format is PF_A8R8G8B8,32x32x1.
07:11:05: Texture: sdk_pulse.png: Loading 1 faces(PF_R8G8B8,8x1x1) with  hardware generated mipmaps from Image. Internal format is PF_X8R8G8B8,8x1x1.
07:11:05: Finished parsing scripts for resource group Essential
07:11:05: Parsing scripts for resource group General
07:11:05: Finished parsing scripts for resource group General
07:11:05: Parsing scripts for resource group Internal
07:11:05: Finished parsing scripts for resource group Internal
07:11:05: Parsing scripts for resource group Popular
07:11:05: Parsing script Earth.material
07:11:05: Parsing script OnyxVirtualStudio.material
07:11:05: Compiler error: unknown error in OnyxVirtualStudio.material(10): token "diffues" is not recognized
07:11:05: Compiler error: unknown error in OnyxVirtualStudio.material(31): token "diffues" is not recognized
07:11:05: Compiler error: unknown error in OnyxVirtualStudio.material(52): token "diffues" is not recognized
07:11:05: Compiler error: unknown error in OnyxVirtualStudio.material(74): token "diffues" is not recognized
07:11:05: Compiler error: unknown error in OnyxVirtualStudio.material(96): token "diffues" is not recognized
07:11:05: Compiler error: unknown error in OnyxVirtualStudio.material(119): token "diffues" is not recognized
07:11:05: Compiler error: unknown error in OnyxVirtualStudio.material(142): token "diffues" is not recognized
07:11:05: Compiler error: unknown error in OnyxVirtualStudio.material(165): token "diffues" is not recognized
07:11:05: Compiler error: unknown error in OnyxVirtualStudio.material(187): token "diffues" is not recognized
07:11:05: Compiler error: unknown error in OnyxVirtualStudio.material(209): token "diffues" is not recognized
07:11:05: Parsing script SSmoon.material
07:11:05: Compiler error: unknown error in SSmoon.material(10): token "diffues" is not recognized
07:11:05: Parsing script SSsun.material
07:11:05: Compiler error: unknown error in SSsun.material(10): token "diffues" is not recognized
07:11:05: Parsing script sample.fontdef
07:11:05: Finished parsing scripts for resource group Popular
07:11:05: PlugInDshow:createDefinedTexture:rtsp://192.168.1.103:59400/stream
07:11:05: PlugInDshow:createDefinedTexture:SampleVideos/SampleLabSession1.mp4
07:11:05: PlugInDshow:createDefinedTexture:SampleVideos/SamplePresentaion1.wmv
07:11:05: Texture: cylindrical_option1_wall.jpg: Loading 1 faces(PF_L8,600x600x1) with 5 generated mipmaps from Image. Internal format is PF_L8,600x600x1.
07:11:06: Texture: cylindrical_option1_roof.jpg: Loading 1 faces(PF_R8G8B8,256x256x1) with  hardware generated mipmaps from Image. Internal format is PF_X8R8G8B8,256x256x1.
07:11:06: Texture: cylindrical_option1_floor.png: Loading 1 faces(PF_R8G8B8,512x512x1) with  hardware generated mipmaps from Image. Internal format is PF_X8R8G8B8,512x512x1.
07:11:06: Can't assign material Stream4 to SubEntity of Stream4 because this Material does not exist. Have you forgotten to define it in a .material script?
07:11:06: Can't assign material Stream5 to SubEntity of Stream5 because this Material does not exist. Have you forgotten to define it in a .material script?
07:11:06: Can't assign material Stream6 to SubEntity of Stream6 because this Material does not exist. Have you forgotten to define it in a .material script?
07:11:06: Can't assign material Anchor1 to SubEntity of Anchor1 because this Material does not exist. Have you forgotten to define it in a .material script?
07:11:06: Can't assign material Anchor2 to SubEntity of Anchor2 because this Material does not exist. Have you forgotten to define it in a .material script?
07:11:06: *** Initializing OIS ***
