Build started 1/25/2014 12:25:52 PM.
     1>Project "C:\Projects\OnyxVirtualStudio\PluginSkype\PluginSkype.vcxproj" on node 3 (build target(s)).
     1>InitializeBuildStatus:
         Touching "Release\PluginSkype.unsuccessfulbuild".
       ClCompile:
         All outputs are up-to-date.
         All outputs are up-to-date.
       Link:
         c:\Program Files (x86)\Microsoft Visual Studio 10.0\VC\bin\link.exe /ERRORREPORT:PROMPT /OUT:"Release\PluginSkype.dll" /INCREMENTAL:NO /NOLOGO /LIBPATH:"C:\Projects\skypekit-sdk_sdk-4.2.1.97_1379776\interfaces\skype\cpp_embedded\build" /LIBPATH:"C:\Projects\skypekit-sdk_sdk-4.2.1.97_1379776\bin\windows-x86" /LIBPATH:"C:\Projects\Ogre\OgreSDK_vc10_v1-8-1\lib\release" /LIBPATH:"C:\Projects\Ogre\OgreSDK_vc10_v1-8-1\boost_1_48\lib" /LIBPATH:..\PluginControl\Release "skypekit-cppwrapper_2_lib.lib" "skypekit-cyassl_lib.lib" Ws2_32.lib OgreMain.lib OIS.lib PluginControl.lib kernel32.lib user32.lib gdi32.lib winspool.lib comdlg32.lib advapi32.lib shell32.lib ole32.lib oleaut32.lib uuid.lib odbc32.lib odbccp32.lib /MANIFEST /ManifestFile:"Release\PluginSkype.dll.intermediate.manifest" /MANIFESTUAC:"level='asInvoker' uiAccess='false'" /DEBUG /PDB:"C:\Projects\OnyxVirtualStudio\PluginSkype\Release\PluginSkype.pdb" /SUBSYSTEM:WINDOWS /OPT:REF /OPT:ICF /LTCG /TLBID:1 /DYNAMICBASE /NXCOMPAT /IMPLIB:"Release\PluginSkype.lib" /MACHINE:X86 /DLL Release\Dbg.obj
         Release\SkypeUi.obj
         Release\stdafx.obj
            Creating library Release\PluginSkype.lib and object Release\PluginSkype.exp
         Generating code
         Finished generating code
         PluginSkype.vcxproj -> C:\Projects\OnyxVirtualStudio\PluginSkype\Release\PluginSkype.dll
       Manifest:
         C:\Program Files (x86)\Microsoft SDKs\Windows\v7.0A\bin\mt.exe /nologo /verbose /outputresource:"Release\PluginSkype.dll;#2" /manifest Release\PluginSkype.dll.intermediate.manifest
       PostBuildEvent:
         copy "Release\PluginSkype.dll" ..\OnyxVirtualStudio\bin\Release
         :VCEnd
                 1 file(s) copied.
       FinalizeBuildStatus:
         Deleting file "Release\PluginSkype.unsuccessfulbuild".
         Touching "Release\PluginSkype.lastbuildstate".
     1>Done Building Project "C:\Projects\OnyxVirtualStudio\PluginSkype\PluginSkype.vcxproj" (build target(s)).

Build succeeded.

Time Elapsed 00:00:03.63
