C:\Projects\OnyxVirtualStudio\PluginSkype\Release\cl.command.1.tlog
C:\Projects\OnyxVirtualStudio\PluginSkype\Release\CL.read.1.tlog
C:\Projects\OnyxVirtualStudio\PluginSkype\Release\CL.write.1.tlog
C:\PROJECTS\ONYXVIRTUALSTUDIO\PLUGINSKYPE\RELEASE\DBG.OBJ
C:\Projects\OnyxVirtualStudio\PluginSkype\Release\link.command.1.tlog
C:\Projects\OnyxVirtualStudio\PluginSkype\Release\link.read.1.tlog
C:\Projects\OnyxVirtualStudio\PluginSkype\Release\link.write.1.tlog
C:\Projects\OnyxVirtualStudio\PluginSkype\Release\mt.command.1.tlog
C:\Projects\OnyxVirtualStudio\PluginSkype\Release\mt.read.1.tlog
C:\Projects\OnyxVirtualStudio\PluginSkype\Release\mt.write.1.tlog
C:\PROJECTS\ONYXVIRTUALSTUDIO\PLUGINSKYPE\RELEASE\PLUGINSKYPE.DLL
C:\PROJECTS\ONYXVIRTUALSTUDIO\PLUGINSKYPE\RELEASE\PLUGINSKYPE.DLL.INTERMEDIATE.MANIFEST
C:\Projects\OnyxVirtualStudio\PluginSkype\Release\PluginSkype.exp
C:\Projects\OnyxVirtualStudio\PluginSkype\Release\PluginSkype.lib
C:\PROJECTS\ONYXVIRTUALSTUDIO\PLUGINSKYPE\RELEASE\PLUGINSKYPE.PCH
C:\PROJECTS\ONYXVIRTUALSTUDIO\PLUGINSKYPE\RELEASE\PLUGINSKYPE.PDB
C:\Projects\OnyxVirtualStudio\PluginSkype\Release\PluginSkype.vcxprojResolveAssemblyReference.cache
C:\Projects\OnyxVirtualStudio\PluginSkype\Release\PluginSkype.write.1.tlog
C:\PROJECTS\ONYXVIRTUALSTUDIO\PLUGINSKYPE\RELEASE\SKYPEUI.OBJ
C:\PROJECTS\ONYXVIRTUALSTUDIO\PLUGINSKYPE\RELEASE\STDAFX.OBJ
C:\PROJECTS\ONYXVIRTUALSTUDIO\PLUGINSKYPE\RELEASE\VC100.PDB
Release\PluginSkype.pdb
